app/build/outputs/logs/manifest-merger-debug-report.txt
-- Merging decision tree log ---
manifest
ADDED from src\main\AndroidManifest.xml:2:1-50:12
INJECTED from src\main\AndroidManifest.xml:2:1-50:12
INJECTED from src\main\AndroidManifest.xml:2:1-50:12
INJECTED from src\main\AndroidManifest.xml:2:1-50:12
MERGED from [com.android.support:design:28.0.0] AndroidManifest.xml:17:1-24:12
MERGED from [com.android.support:appcompat-v7:28.0.0] AndroidManifest.xml:17:1-22:12
MERGED from [com.android.support.constraint:constraint-layout:1.1.3] AndroidManifest.xml:2:1-11:12
MERGED from [com.google.firebase:firebase-auth:16.0.5] AndroidManifest.xml:17:1-42:12
MERGED from [com.google.firebase:firebase-database:16.0.5] AndroidManifest.xml:15:1-25:12
MERGED from [com.google.android.gms:play-services-ads:17.1.2] AndroidManifest.xml:17:1-25:12
MERGED from [com.google.firebase:firebase-core:16.0.6] AndroidManifest.xml:2:1-9:12
MERGED from [com.google.firebase:firebase-measurement-connector-impl:17.0.4] AndroidManifest.xml:17:1-34:12
MERGED from [com.google.firebase:firebase-analytics:16.0.6] AndroidManifest.xml:17:1-55:12
MERGED from [com.google.firebase:firebase-storage:16.0.5] AndroidManifest.xml:15:1-26:12
MERGED from [com.google.android.gms:play-services-flags:16.0.1] AndroidManifest.xml:17:1-22:12
MERGED from [com.google.firebase:firebase-auth-interop:16.0.1] AndroidManifest.xml:2:1-10:12
MERGED from [com.google.android.gms:play-services-measurement-api:16.0.4] AndroidManifest.xml:17:1-25:12
MERGED from [com.google.firebase:firebase-analytics-impl:16.2.4] AndroidManifest.xml:17:1-40:12
MERGED from [com.google.firebase:firebase-iid:17.0.3] AndroidManifest.xml:17:1-59:12
MERGED from [com.google.firebase:firebase-iid-interop:16.0.1] AndroidManifest.xml:2:1-10:12
MERGED from [com.google.android.gms:play-services-base:16.0.1] AndroidManifest.xml:17:1-29:12
MERGED from [com.google.firebase:firebase-common:16.0.4] AndroidManifest.xml:2:1-17:12
MERGED from [com.google.android.gms:play-services-tasks:16.0.1] AndroidManifest.xml:2:1-9:12
MERGED from [com.google.android.gms:play-services-ads-identifier:16.0.0] AndroidManifest.xml:17:1-24:12
MERGED from [com.google.android.gms:play-services-ads-lite:17.1.2] AndroidManifest.xml:17:1-42:12
MERGED from [com.google.android.gms:play-services-gass:17.1.2] AndroidManifest.xml:2:1-9:12
MERGED from [com.google.android.gms:play-services-measurement-sdk-api:16.0.4] AndroidManifest.xml:17:1-30:12
MERGED from [com.google.android.gms:play-services-measurement-base:16.0.5] AndroidManifest.xml:2:1-9:12
MERGED from [com.google.android.gms:play-services-stats:16.0.1] AndroidManifest.xml:2:1-9:12
MERGED from [com.google.firebase:firebase-measurement-connector:17.0.1] AndroidManifest.xml:17:1-25:12
MERGED from [com.google.android.gms:play-services-basement:16.1.0] AndroidManifest.xml:17:1-28:12
MERGED from [com.android.support:support-v4:28.0.0] AndroidManifest.xml:17:1-22:12
MERGED from [com.squareup.picasso:picasso:2.71828] AndroidManifest.xml:2:1-14:12
MERGED from [de.hdodenhof:circleimageview:2.2.0] AndroidManifest.xml:2:1-11:12
MERGED from [com.android.support:support-fragment:28.0.0] AndroidManifest.xml:17:1-22:12
MERGED from [com.android.support:animated-vector-drawable:28.0.0] AndroidManifest.xml:17:1-22:12
MERGED from [com.android.support:recyclerview-v7:28.0.0] AndroidManifest.xml:17:1-22:12
MERGED from [com.android.support:support-core-ui:28.0.0] AndroidManifest.xml:17:1-22:12
MERGED from [com.android.support:support-core-utils:28.0.0] AndroidManifest.xml:17:1-22:12
MERGED from [com.android.support:support-vector-drawable:28.0.0] AndroidManifest.xml:17:1-22:12
MERGED from [com.android.support:transition:28.0.0] AndroidManifest.xml:17:1-22:12
MERGED from [com.android.support:customtabs:26.1.0] AndroidManifest.xml:17:1-28:12
MERGED from [com.android.support:loader:28.0.0] AndroidManifest.xml:17:1-22:12
MERGED from [com.android.support:viewpager:28.0.0] AndroidManifest.xml:17:1-22:12
MERGED from [com.android.support:coordinatorlayout:28.0.0] AndroidManifest.xml:17:1-22:12
MERGED from [com.android.support:drawerlayout:28.0.0] AndroidManifest.xml:17:1-22:12
MERGED from [com.android.support:slidingpanelayout:28.0.0] AndroidManifest.xml:17:1-22:12
MERGED from [com.android.support:customview:28.0.0] AndroidManifest.xml:17:1-22:12
MERGED from [com.android.support:swiperefreshlayout:28.0.0] AndroidManifest.xml:17:1-22:12
MERGED from [com.android.support:asynclayoutinflater:28.0.0] AndroidManifest.xml:17:1-22:12
MERGED from [com.android.support:support-media-compat:28.0.0] AndroidManifest.xml:17:1-22:12
MERGED from [com.android.support:support-compat:28.0.0] AndroidManifest.xml:17:1-24:12
MERGED from [com.android.support:versionedparcelable:28.0.0] AndroidManifest.xml:17:1-25:12
MERGED from [com.android.support:cursoradapter:28.0.0] AndroidManifest.xml:17:1-22:12
MERGED from [com.android.support:cardview-v7:28.0.0] AndroidManifest.xml:17:1-22:12
MERGED from [com.android.support:exifinterface:27.1.0] AndroidManifest.xml:17:1-22:12
MERGED from [com.android.support:documentfile:28.0.0] AndroidManifest.xml:17:1-22:12
MERGED from [com.android.support:localbroadcastmanager:28.0.0] AndroidManifest.xml:17:1-22:12
MERGED from [com.android.support:print:28.0.0] AndroidManifest.xml:17:1-22:12
MERGED from [android.arch.lifecycle:viewmodel:1.1.1] AndroidManifest.xml:17:1-22:12
MERGED from [com.android.support:interpolator:28.0.0] AndroidManifest.xml:17:1-22:12
MERGED from [android.arch.lifecycle:livedata:1.1.1] AndroidManifest.xml:17:1-22:12
MERGED from [android.arch.lifecycle:livedata-core:1.1.1] AndroidManifest.xml:17:1-22:12
MERGED from [android.arch.core:runtime:1.1.1] AndroidManifest.xml:17:1-22:12
MERGED from [android.arch.lifecycle:runtime:1.1.1] AndroidManifest.xml:17:1-22:12
MERGED from [com.google.firebase:firebase-database-collection:16.0.1] AndroidManifest.xml:2:1-7:12
MERGED from [com.google.android.gms:play-services-ads-base:17.1.2] AndroidManifest.xml:2:1-9:12
INJECTED from src\main\AndroidManifest.xml:2:1-50:12
INJECTED from src\main\AndroidManifest.xml:2:1-50:12
INJECTED from src\main\AndroidManifest.xml:2:1-50:12
	package
		ADDED from src\main\AndroidManifest.xml:3:5-40
		INJECTED from src\main\AndroidManifest.xml
		INJECTED from src\main\AndroidManifest.xml
	android:versionName
		INJECTED from src\main\AndroidManifest.xml
		ADDED from src\main\AndroidManifest.xml:2:1-50:12
		INJECTED from src\main\AndroidManifest.xml
	android:versionCode
		INJECTED from src\main\AndroidManifest.xml
		ADDED from src\main\AndroidManifest.xml:2:1-50:12
		INJECTED from src\main\AndroidManifest.xml
	xmlns:android
		ADDED from src\main\AndroidManifest.xml:2:11-69
uses-permission#android.permission.INTERNET
ADDED from src\main\AndroidManifest.xml:5:5-66
MERGED from [com.google.firebase:firebase-database:16.0.5] AndroidManifest.xml:23:5-67
MERGED from [com.google.firebase:firebase-database:16.0.5] AndroidManifest.xml:23:5-67
MERGED from [com.google.firebase:firebase-measurement-connector-impl:17.0.4] AndroidManifest.xml:22:5-67
MERGED from [com.google.firebase:firebase-measurement-connector-impl:17.0.4] AndroidManifest.xml:22:5-67
MERGED from [com.google.firebase:firebase-analytics:16.0.6] AndroidManifest.xml:23:5-67
MERGED from [com.google.firebase:firebase-analytics:16.0.6] AndroidManifest.xml:23:5-67
MERGED from [com.google.firebase:firebase-storage:16.0.5] AndroidManifest.xml:24:5-67
MERGED from [com.google.firebase:firebase-storage:16.0.5] AndroidManifest.xml:24:5-67
MERGED from [com.google.firebase:firebase-analytics-impl:16.2.4] AndroidManifest.xml:23:5-67
MERGED from [com.google.firebase:firebase-analytics-impl:16.2.4] AndroidManifest.xml:23:5-67
MERGED from [com.google.firebase:firebase-iid:17.0.3] AndroidManifest.xml:23:5-67
MERGED from [com.google.firebase:firebase-iid:17.0.3] AndroidManifest.xml:23:5-67
MERGED from [com.google.android.gms:play-services-ads-lite:17.1.2] AndroidManifest.xml:23:5-67
MERGED from [com.google.android.gms:play-services-ads-lite:17.1.2] AndroidManifest.xml:23:5-67
MERGED from [com.google.android.gms:play-services-measurement-sdk-api:16.0.4] AndroidManifest.xml:23:5-67
MERGED from [com.google.android.gms:play-services-measurement-sdk-api:16.0.4] AndroidManifest.xml:23:5-67
	android:name
		ADDED from src\main\AndroidManifest.xml:5:22-64
uses-permission#android.permission.WRITE_EXTERNAL_STORAGE
ADDED from src\main\AndroidManifest.xml:6:5-81
	android:name
		ADDED from src\main\AndroidManifest.xml:6:22-78
uses-permission#android.permission.READ_EXTERNAL_STORAGE
ADDED from src\main\AndroidManifest.xml:7:5-79
	android:name
		ADDED from src\main\AndroidManifest.xml:7:22-77
uses-permission#android.permission.ACCESS_NETWORK_STATE
ADDED from src\main\AndroidManifest.xml:8:5-79
MERGED from [com.google.firebase:firebase-database:16.0.5] AndroidManifest.xml:22:5-79
MERGED from [com.google.firebase:firebase-database:16.0.5] AndroidManifest.xml:22:5-79
MERGED from [com.google.firebase:firebase-measurement-connector-impl:17.0.4] AndroidManifest.xml:23:5-79
MERGED from [com.google.firebase:firebase-measurement-connector-impl:17.0.4] AndroidManifest.xml:23:5-79
MERGED from [com.google.firebase:firebase-analytics:16.0.6] AndroidManifest.xml:24:5-79
MERGED from [com.google.firebase:firebase-analytics:16.0.6] AndroidManifest.xml:24:5-79
MERGED from [com.google.firebase:firebase-storage:16.0.5] AndroidManifest.xml:23:5-79
MERGED from [com.google.firebase:firebase-storage:16.0.5] AndroidManifest.xml:23:5-79
MERGED from [com.google.firebase:firebase-analytics-impl:16.2.4] AndroidManifest.xml:24:5-79
MERGED from [com.google.firebase:firebase-analytics-impl:16.2.4] AndroidManifest.xml:24:5-79
MERGED from [com.google.firebase:firebase-iid:17.0.3] AndroidManifest.xml:22:5-79
MERGED from [com.google.firebase:firebase-iid:17.0.3] AndroidManifest.xml:22:5-79
MERGED from [com.google.android.gms:play-services-ads-lite:17.1.2] AndroidManifest.xml:24:5-79
MERGED from [com.google.android.gms:play-services-ads-lite:17.1.2] AndroidManifest.xml:24:5-79
MERGED from [com.google.android.gms:play-services-measurement-sdk-api:16.0.4] AndroidManifest.xml:24:5-79
MERGED from [com.google.android.gms:play-services-measurement-sdk-api:16.0.4] AndroidManifest.xml:24:5-79
	android:name
		ADDED from src\main\AndroidManifest.xml:8:22-76
uses-permission#android.permission.ACCESS_WIFI_STATE
ADDED from src\main\AndroidManifest.xml:9:5-76
	android:name
		ADDED from src\main\AndroidManifest.xml:9:22-73
application
ADDED from src\main\AndroidManifest.xml:11:5-46:19
MERGED from [com.android.support:design:28.0.0] AndroidManifest.xml:22:5-20
MERGED from [com.android.support:design:28.0.0] AndroidManifest.xml:22:5-20
MERGED from [com.android.support.constraint:constraint-layout:1.1.3] AndroidManifest.xml:9:5-20
MERGED from [com.android.support.constraint:constraint-layout:1.1.3] AndroidManifest.xml:9:5-20
MERGED from [com.google.firebase:firebase-auth:16.0.5] AndroidManifest.xml:23:5-40:19
MERGED from [com.google.firebase:firebase-auth:16.0.5] AndroidManifest.xml:23:5-40:19
MERGED from [com.google.firebase:firebase-core:16.0.6] AndroidManifest.xml:7:5-20
MERGED from [com.google.firebase:firebase-core:16.0.6] AndroidManifest.xml:7:5-20
MERGED from [com.google.firebase:firebase-measurement-connector-impl:17.0.4] AndroidManifest.xml:26:5-32:19
MERGED from [com.google.firebase:firebase-measurement-connector-impl:17.0.4] AndroidManifest.xml:26:5-32:19
MERGED from [com.google.firebase:firebase-analytics:16.0.6] AndroidManifest.xml:28:5-53:19
MERGED from [com.google.firebase:firebase-analytics:16.0.6] AndroidManifest.xml:28:5-53:19
MERGED from [com.google.firebase:firebase-auth-interop:16.0.1] AndroidManifest.xml:7:5-8:19
MERGED from [com.google.firebase:firebase-auth-interop:16.0.1] AndroidManifest.xml:7:5-8:19
MERGED from [com.google.android.gms:play-services-measurement-api:16.0.4] AndroidManifest.xml:22:5-23:19
MERGED from [com.google.android.gms:play-services-measurement-api:16.0.4] AndroidManifest.xml:22:5-23:19
MERGED from [com.google.firebase:firebase-analytics-impl:16.2.4] AndroidManifest.xml:28:5-38:19
MERGED from [com.google.firebase:firebase-analytics-impl:16.2.4] AndroidManifest.xml:28:5-38:19
MERGED from [com.google.firebase:firebase-iid:17.0.3] AndroidManifest.xml:28:5-57:19
MERGED from [com.google.firebase:firebase-iid:17.0.3] AndroidManifest.xml:28:5-57:19
MERGED from [com.google.firebase:firebase-iid-interop:16.0.1] AndroidManifest.xml:7:5-8:19
MERGED from [com.google.firebase:firebase-iid-interop:16.0.1] AndroidManifest.xml:7:5-8:19
MERGED from [com.google.android.gms:play-services-base:16.0.1] AndroidManifest.xml:22:5-27:19
MERGED from [com.google.android.gms:play-services-base:16.0.1] AndroidManifest.xml:22:5-27:19
MERGED from [com.google.firebase:firebase-common:16.0.4] AndroidManifest.xml:9:5-15:19
MERGED from [com.google.firebase:firebase-common:16.0.4] AndroidManifest.xml:9:5-15:19
MERGED from [com.google.android.gms:play-services-tasks:16.0.1] AndroidManifest.xml:7:5-20
MERGED from [com.google.android.gms:play-services-tasks:16.0.1] AndroidManifest.xml:7:5-20
MERGED from [com.google.android.gms:play-services-ads-identifier:16.0.0] AndroidManifest.xml:22:5-20
MERGED from [com.google.android.gms:play-services-ads-identifier:16.0.0] AndroidManifest.xml:22:5-20
MERGED from [com.google.android.gms:play-services-ads-lite:17.1.2] AndroidManifest.xml:26:5-40:19
MERGED from [com.google.android.gms:play-services-ads-lite:17.1.2] AndroidManifest.xml:26:5-40:19
MERGED from [com.google.android.gms:play-services-gass:17.1.2] AndroidManifest.xml:7:5-20
MERGED from [com.google.android.gms:play-services-gass:17.1.2] AndroidManifest.xml:7:5-20
MERGED from [com.google.android.gms:play-services-measurement-sdk-api:16.0.4] AndroidManifest.xml:27:5-28:19
MERGED from [com.google.android.gms:play-services-measurement-sdk-api:16.0.4] AndroidManifest.xml:27:5-28:19
MERGED from [com.google.android.gms:play-services-measurement-base:16.0.5] AndroidManifest.xml:7:5-20
MERGED from [com.google.android.gms:play-services-measurement-base:16.0.5] AndroidManifest.xml:7:5-20
MERGED from [com.google.android.gms:play-services-stats:16.0.1] AndroidManifest.xml:7:5-20
MERGED from [com.google.android.gms:play-services-stats:16.0.1] AndroidManifest.xml:7:5-20
MERGED from [com.google.firebase:firebase-measurement-connector:17.0.1] AndroidManifest.xml:22:5-23:19
MERGED from [com.google.firebase:firebase-measurement-connector:17.0.1] AndroidManifest.xml:22:5-23:19
MERGED from [com.google.android.gms:play-services-basement:16.1.0] AndroidManifest.xml:22:5-26:19
MERGED from [com.google.android.gms:play-services-basement:16.1.0] AndroidManifest.xml:22:5-26:19
MERGED from [com.squareup.picasso:picasso:2.71828] AndroidManifest.xml:7:5-12:19
MERGED from [com.squareup.picasso:picasso:2.71828] AndroidManifest.xml:7:5-12:19
MERGED from [de.hdodenhof:circleimageview:2.2.0] AndroidManifest.xml:9:5-20
MERGED from [de.hdodenhof:circleimageview:2.2.0] AndroidManifest.xml:9:5-20
MERGED from [com.android.support:customtabs:26.1.0] AndroidManifest.xml:22:5-26:19
MERGED from [com.android.support:customtabs:26.1.0] AndroidManifest.xml:22:5-26:19
MERGED from [com.android.support:support-compat:28.0.0] AndroidManifest.xml:22:5-94
MERGED from [com.android.support:support-compat:28.0.0] AndroidManifest.xml:22:5-94
MERGED from [com.android.support:versionedparcelable:28.0.0] AndroidManifest.xml:22:5-23:19
MERGED from [com.android.support:versionedparcelable:28.0.0] AndroidManifest.xml:22:5-23:19
MERGED from [com.google.android.gms:play-services-ads-base:17.1.2] AndroidManifest.xml:7:5-20
MERGED from [com.google.android.gms:play-services-ads-base:17.1.2] AndroidManifest.xml:7:5-20
	android:screenOrientation
		ADDED from src\main\AndroidManifest.xml:16:9-45
	android:appComponentFactory
		ADDED from [com.android.support:support-compat:28.0.0] AndroidManifest.xml:22:18-91
	android:supportsRtl
		ADDED from src\main\AndroidManifest.xml:20:9-35
	android:label
		ADDED from src\main\AndroidManifest.xml:15:9-41
	android:windowSoftInputMode
		ADDED from src\main\AndroidManifest.xml:19:9-73
	android:roundIcon
		ADDED from src\main\AndroidManifest.xml:17:9-49
	android:largeHeap
		ADDED from src\main\AndroidManifest.xml:21:9-33
	android:icon
		ADDED from src\main\AndroidManifest.xml:14:9-44
	android:allowBackup
		ADDED from src\main\AndroidManifest.xml:13:9-35
	android:theme
		ADDED from src\main\AndroidManifest.xml:22:9-40
	android:logo
		ADDED from src\main\AndroidManifest.xml:18:9-44
meta-data#com.google.android.gms.ads.APPLICATION_ID
ADDED from src\main\AndroidManifest.xml:23:9-25:69
	android:value
		ADDED from src\main\AndroidManifest.xml:25:13-67
	android:name
		ADDED from src\main\AndroidManifest.xml:24:13-69
activity#com.gamer.bilgi.yarismasi.Login
ADDED from src\main\AndroidManifest.xml:26:9-33:20
	android:screenOrientation
		ADDED from src\main\AndroidManifest.xml:27:36-72
	android:name
		ADDED from src\main\AndroidManifest.xml:27:13-34
intent-filter#action:name:android.intent.action.MAIN+category:name:android.intent.category.LAUNCHER
ADDED from src\main\AndroidManifest.xml:28:13-32:29
action#android.intent.action.MAIN
ADDED from src\main\AndroidManifest.xml:29:17-69
	android:name
		ADDED from src\main\AndroidManifest.xml:29:25-66
category#android.intent.category.LAUNCHER
ADDED from src\main\AndroidManifest.xml:31:17-77
	android:name
		ADDED from src\main\AndroidManifest.xml:31:27-74
activity#com.gamer.bilgi.yarismasi.MainActivity
ADDED from src\main\AndroidManifest.xml:34:9-140
	android:screenOrientation
		ADDED from src\main\AndroidManifest.xml:34:48-84
	android:theme
		ADDED from src\main\AndroidManifest.xml:34:85-128
	android:name
		ADDED from src\main\AndroidManifest.xml:34:19-47
provider#android.support.v4.content.FileProvider
ADDED from src\main\AndroidManifest.xml:35:9-45:20
	android:grantUriPermissions
		ADDED from src\main\AndroidManifest.xml:39:13-47
	android:authorities
		ADDED from src\main\AndroidManifest.xml:37:13-69
	android:exported
		ADDED from src\main\AndroidManifest.xml:38:13-37
	android:name
		ADDED from src\main\AndroidManifest.xml:36:13-67
meta-data#android.support.FILE_PROVIDER_PATHS
ADDED from src\main\AndroidManifest.xml:41:13-44:25
	android:resource
		ADDED from src\main\AndroidManifest.xml:43:17-51
	android:name
		ADDED from src\main\AndroidManifest.xml:42:17-67
uses-sdk
INJECTED from src\main\AndroidManifest.xml reason: use-sdk injection requested
INJECTED from src\main\AndroidManifest.xml
INJECTED from src\main\AndroidManifest.xml
MERGED from [com.android.support:design:28.0.0] AndroidManifest.xml:20:5-44
MERGED from [com.android.support:design:28.0.0] AndroidManifest.xml:20:5-44
MERGED from [com.android.support:appcompat-v7:28.0.0] AndroidManifest.xml:20:5-44
MERGED from [com.android.support:appcompat-v7:28.0.0] AndroidManifest.xml:20:5-44
MERGED from [com.android.support.constraint:constraint-layout:1.1.3] AndroidManifest.xml:5:5-7:41
MERGED from [com.android.support.constraint:constraint-layout:1.1.3] AndroidManifest.xml:5:5-7:41
MERGED from [com.google.firebase:firebase-auth:16.0.5] AndroidManifest.xml:21:5-44
MERGED from [com.google.firebase:firebase-auth:16.0.5] AndroidManifest.xml:21:5-44
MERGED from [com.google.firebase:firebase-database:16.0.5] AndroidManifest.xml:18:5-20:41
MERGED from [com.google.firebase:firebase-database:16.0.5] AndroidManifest.xml:18:5-20:41
MERGED from [com.google.android.gms:play-services-ads:17.1.2] AndroidManifest.xml:21:5-23:62
MERGED from [com.google.android.gms:play-services-ads:17.1.2] AndroidManifest.xml:21:5-23:62
MERGED from [com.google.firebase:firebase-core:16.0.6] AndroidManifest.xml:5:5-44
MERGED from [com.google.firebase:firebase-core:16.0.6] AndroidManifest.xml:5:5-44
MERGED from [com.google.firebase:firebase-measurement-connector-impl:17.0.4] AndroidManifest.xml:20:5-44
MERGED from [com.google.firebase:firebase-measurement-connector-impl:17.0.4] AndroidManifest.xml:20:5-44
MERGED from [com.google.firebase:firebase-analytics:16.0.6] AndroidManifest.xml:20:5-44
MERGED from [com.google.firebase:firebase-analytics:16.0.6] AndroidManifest.xml:20:5-44
MERGED from [com.google.firebase:firebase-storage:16.0.5] AndroidManifest.xml:19:5-21:41
MERGED from [com.google.firebase:firebase-storage:16.0.5] AndroidManifest.xml:19:5-21:41
MERGED from [com.google.android.gms:play-services-flags:16.0.1] AndroidManifest.xml:20:5-44
MERGED from [com.google.android.gms:play-services-flags:16.0.1] AndroidManifest.xml:20:5-44
MERGED from [com.google.firebase:firebase-auth-interop:16.0.1] AndroidManifest.xml:5:5-44
MERGED from [com.google.firebase:firebase-auth-interop:16.0.1] AndroidManifest.xml:5:5-44
MERGED from [com.google.android.gms:play-services-measurement-api:16.0.4] AndroidManifest.xml:20:5-44
MERGED from [com.google.android.gms:play-services-measurement-api:16.0.4] AndroidManifest.xml:20:5-44
MERGED from [com.google.firebase:firebase-analytics-impl:16.2.4] AndroidManifest.xml:20:5-44
MERGED from [com.google.firebase:firebase-analytics-impl:16.2.4] AndroidManifest.xml:20:5-44
MERGED from [com.google.firebase:firebase-iid:17.0.3] AndroidManifest.xml:20:5-44
MERGED from [com.google.firebase:firebase-iid:17.0.3] AndroidManifest.xml:20:5-44
MERGED from [com.google.firebase:firebase-iid-interop:16.0.1] AndroidManifest.xml:5:5-44
MERGED from [com.google.firebase:firebase-iid-interop:16.0.1] AndroidManifest.xml:5:5-44
MERGED from [com.google.android.gms:play-services-base:16.0.1] AndroidManifest.xml:20:5-44
MERGED from [com.google.android.gms:play-services-base:16.0.1] AndroidManifest.xml:20:5-44
MERGED from [com.google.firebase:firebase-common:16.0.4] AndroidManifest.xml:5:5-7:41
MERGED from [com.google.firebase:firebase-common:16.0.4] AndroidManifest.xml:5:5-7:41
MERGED from [com.google.android.gms:play-services-tasks:16.0.1] AndroidManifest.xml:5:5-44
MERGED from [com.google.android.gms:play-services-tasks:16.0.1] AndroidManifest.xml:5:5-44
MERGED from [com.google.android.gms:play-services-ads-identifier:16.0.0] AndroidManifest.xml:20:5-44
MERGED from [com.google.android.gms:play-services-ads-identifier:16.0.0] AndroidManifest.xml:20:5-44
MERGED from [com.google.android.gms:play-services-ads-lite:17.1.2] AndroidManifest.xml:20:5-44
MERGED from [com.google.android.gms:play-services-ads-lite:17.1.2] AndroidManifest.xml:20:5-44
MERGED from [com.google.android.gms:play-services-gass:17.1.2] AndroidManifest.xml:5:5-44
MERGED from [com.google.android.gms:play-services-gass:17.1.2] AndroidManifest.xml:5:5-44
MERGED from [com.google.android.gms:play-services-measurement-sdk-api:16.0.4] AndroidManifest.xml:20:5-44
MERGED from [com.google.android.gms:play-services-measurement-sdk-api:16.0.4] AndroidManifest.xml:20:5-44
MERGED from [com.google.android.gms:play-services-measurement-base:16.0.5] AndroidManifest.xml:5:5-44
MERGED from [com.google.android.gms:play-services-measurement-base:16.0.5] AndroidManifest.xml:5:5-44
MERGED from [com.google.android.gms:play-services-stats:16.0.1] AndroidManifest.xml:5:5-44
MERGED from [com.google.android.gms:play-services-stats:16.0.1] AndroidManifest.xml:5:5-44
MERGED from [com.google.firebase:firebase-measurement-connector:17.0.1] AndroidManifest.xml:20:5-44
MERGED from [com.google.firebase:firebase-measurement-connector:17.0.1] AndroidManifest.xml:20:5-44
MERGED from [com.google.android.gms:play-services-basement:16.1.0] AndroidManifest.xml:20:5-44
MERGED from [com.google.android.gms:play-services-basement:16.1.0] AndroidManifest.xml:20:5-44
MERGED from [com.android.support:support-v4:28.0.0] AndroidManifest.xml:20:5-44
MERGED from [com.android.support:support-v4:28.0.0] AndroidManifest.xml:20:5-44
MERGED from [com.squareup.picasso:picasso:2.71828] AndroidManifest.xml:5:5-44
MERGED from [com.squareup.picasso:picasso:2.71828] AndroidManifest.xml:5:5-44
MERGED from [de.hdodenhof:circleimageview:2.2.0] AndroidManifest.xml:5:5-7:41
MERGED from [de.hdodenhof:circleimageview:2.2.0] AndroidManifest.xml:5:5-7:41
MERGED from [com.android.support:support-fragment:28.0.0] AndroidManifest.xml:20:5-44
MERGED from [com.android.support:support-fragment:28.0.0] AndroidManifest.xml:20:5-44
MERGED from [com.android.support:animated-vector-drawable:28.0.0] AndroidManifest.xml:20:5-44
MERGED from [com.android.support:animated-vector-drawable:28.0.0] AndroidManifest.xml:20:5-44
MERGED from [com.android.support:recyclerview-v7:28.0.0] AndroidManifest.xml:20:5-44
MERGED from [com.android.support:recyclerview-v7:28.0.0] AndroidManifest.xml:20:5-44
MERGED from [com.android.support:support-core-ui:28.0.0] AndroidManifest.xml:20:5-44
MERGED from [com.android.support:support-core-ui:28.0.0] AndroidManifest.xml:20:5-44
MERGED from [com.android.support:support-core-utils:28.0.0] AndroidManifest.xml:20:5-44
MERGED from [com.android.support:support-core-utils:28.0.0] AndroidManifest.xml:20:5-44
MERGED from [com.android.support:support-vector-drawable:28.0.0] AndroidManifest.xml:20:5-44
MERGED from [com.android.support:support-vector-drawable:28.0.0] AndroidManifest.xml:20:5-44
MERGED from [com.android.support:transition:28.0.0] AndroidManifest.xml:20:5-44
MERGED from [com.android.support:transition:28.0.0] AndroidManifest.xml:20:5-44
MERGED from [com.android.support:customtabs:26.1.0] AndroidManifest.xml:20:5-44
MERGED from [com.android.support:customtabs:26.1.0] AndroidManifest.xml:20:5-44
MERGED from [com.android.support:loader:28.0.0] AndroidManifest.xml:20:5-44
MERGED from [com.android.support:loader:28.0.0] AndroidManifest.xml:20:5-44
MERGED from [com.android.support:viewpager:28.0.0] AndroidManifest.xml:20:5-44
MERGED from [com.android.support:viewpager:28.0.0] AndroidManifest.xml:20:5-44
MERGED from [com.android.support:coordinatorlayout:28.0.0] AndroidManifest.xml:20:5-44
MERGED from [com.android.support:coordinatorlayout:28.0.0] AndroidManifest.xml:20:5-44
MERGED from [com.android.support:drawerlayout:28.0.0] AndroidManifest.xml:20:5-44
MERGED from [com.android.support:drawerlayout:28.0.0] AndroidManifest.xml:20:5-44
MERGED from [com.android.support:slidingpanelayout:28.0.0] AndroidManifest.xml:20:5-44
MERGED from [com.android.support:slidingpanelayout:28.0.0] AndroidManifest.xml:20:5-44
MERGED from [com.android.support:customview:28.0.0] AndroidManifest.xml:20:5-44
MERGED from [com.android.support:customview:28.0.0] AndroidManifest.xml:20:5-44
MERGED from [com.android.support:swiperefreshlayout:28.0.0] AndroidManifest.xml:20:5-44
MERGED from [com.android.support:swiperefreshlayout:28.0.0] AndroidManifest.xml:20:5-44
MERGED from [com.android.support:asynclayoutinflater:28.0.0] AndroidManifest.xml:20:5-44
MERGED from [com.android.support:asynclayoutinflater:28.0.0] AndroidManifest.xml:20:5-44
MERGED from [com.android.support:support-media-compat:28.0.0] AndroidManifest.xml:20:5-44
MERGED from [com.android.support:support-media-compat:28.0.0] AndroidManifest.xml:20:5-44
MERGED from [com.android.support:support-compat:28.0.0] AndroidManifest.xml:20:5-44
MERGED from [com.android.support:support-compat:28.0.0] AndroidManifest.xml:20:5-44
MERGED from [com.android.support:versionedparcelable:28.0.0] AndroidManifest.xml:20:5-44
MERGED from [com.android.support:versionedparcelable:28.0.0] AndroidManifest.xml:20:5-44
MERGED from [com.android.support:cursoradapter:28.0.0] AndroidManifest.xml:20:5-44
MERGED from [com.android.support:cursoradapter:28.0.0] AndroidManifest.xml:20:5-44
MERGED from [com.android.support:cardview-v7:28.0.0] AndroidManifest.xml:20:5-44
MERGED from [com.android.support:cardview-v7:28.0.0] AndroidManifest.xml:20:5-44
MERGED from [com.android.support:exifinterface:27.1.0] AndroidManifest.xml:20:5-44
MERGED from [com.android.support:exifinterface:27.1.0] AndroidManifest.xml:20:5-44
MERGED from [com.android.support:documentfile:28.0.0] AndroidManifest.xml:20:5-44
MERGED from [com.android.support:documentfile:28.0.0] AndroidManifest.xml:20:5-44
MERGED from [com.android.support:localbroadcastmanager:28.0.0] AndroidManifest.xml:20:5-44
MERGED from [com.android.support:localbroadcastmanager:28.0.0] AndroidManifest.xml:20:5-44
MERGED from [com.android.support:print:28.0.0] AndroidManifest.xml:20:5-44
MERGED from [com.android.support:print:28.0.0] AndroidManifest.xml:20:5-44
MERGED from [android.arch.lifecycle:viewmodel:1.1.1] AndroidManifest.xml:20:5-44
MERGED from [android.arch.lifecycle:viewmodel:1.1.1] AndroidManifest.xml:20:5-44
MERGED from [com.android.support:interpolator:28.0.0] AndroidManifest.xml:20:5-44
MERGED from [com.android.support:interpolator:28.0.0] AndroidManifest.xml:20:5-44
MERGED from [android.arch.lifecycle:livedata:1.1.1] AndroidManifest.xml:20:5-44
MERGED from [android.arch.lifecycle:livedata:1.1.1] AndroidManifest.xml:20:5-44
MERGED from [android.arch.lifecycle:livedata-core:1.1.1] AndroidManifest.xml:20:5-44
MERGED from [android.arch.lifecycle:livedata-core:1.1.1] AndroidManifest.xml:20:5-44
MERGED from [android.arch.core:runtime:1.1.1] AndroidManifest.xml:20:5-44
MERGED from [android.arch.core:runtime:1.1.1] AndroidManifest.xml:20:5-44
MERGED from [android.arch.lifecycle:runtime:1.1.1] AndroidManifest.xml:20:5-44
MERGED from [android.arch.lifecycle:runtime:1.1.1] AndroidManifest.xml:20:5-44
MERGED from [com.google.firebase:firebase-database-collection:16.0.1] AndroidManifest.xml:5:5-44
MERGED from [com.google.firebase:firebase-database-collection:16.0.1] AndroidManifest.xml:5:5-44
MERGED from [com.google.android.gms:play-services-ads-base:17.1.2] AndroidManifest.xml:5:5-44
MERGED from [com.google.android.gms:play-services-ads-base:17.1.2] AndroidManifest.xml:5:5-44
INJECTED from src\main\AndroidManifest.xml
INJECTED from src\main\AndroidManifest.xml
	tools:overrideLibrary
		ADDED from [com.google.android.gms:play-services-ads:17.1.2] AndroidManifest.xml:23:9-59
	android:targetSdkVersion
		INJECTED from src\main\AndroidManifest.xml
		ADDED from src\main\AndroidManifest.xml
		INJECTED from src\main\AndroidManifest.xml
	android:minSdkVersion
		INJECTED from src\main\AndroidManifest.xml
		ADDED from src\main\AndroidManifest.xml